Arguments: 
  /usr/local/bin/node /usr/share/yarn/bin/yarn.js

PATH: 
  /usr/local/sbin:/usr/local/bin:/usr/sbin:/usr/bin:/sbin:/bin:/usr/games:/usr/local/games:/snap/bin

Yarn version: 
  1.22.4

Node version: 
  12.1.0

Platform: 
  linux x64

Trace: 
  Error: EACCES: permission denied, unlink '/home/lucasbarros/Projects/NodeHapi/node_modules/nodejs/package.json'

npm manifest: 
  {
    "name": "nodehapi",
    "version": "1.0.0",
    "description": "",
    "main": "index.js",
    "scripts": {
      "test": "echo \"Error: no test specified\" && exit 1"
    },
    "author": "",
    "license": "ISC",
    "dependencies": {
      "@hapi/hapi": "^19.1.1",
      "nodejs": "0.0.0"
    }
  }

yarn manifest: 
  No manifest

Lockfile: 
  No lockfile
